Building DAG of jobs...
shared_storage_local_copies: True
remote_exec: False
Retrieving input from storage.
Provided cores: 1 (use --cores to define parallelism)
Rules claiming more threads will be scaled down.
Job stats:
job      count
-----  -------
all          1
total        1

Resources before job selection: {'_cores': 1, '_nodes': 9223372036854775807}
Ready jobs (1)
Select jobs to execute...
Selected jobs (1)
Resources after job selection: {'_cores': 0, '_nodes': 9223372036854775806}
Execute 1 jobs...

[Wed May  1 17:41:23 2024]
localrule all:
    input: F:/Lightsheet Workflows/analysis/Oli/AB001/AB001_configuration.yml, F:/Lightsheet Workflows/analysis/Olivier_Burri/AB001/AB001_configuration.yml
    output: demo.txt
    jobid: 0
    reason: Missing output files: demo.txt
    resources: tmpdir=C:\Users\oburri\AppData\Local\Temp

Completion of job ['all'] reported to scheduler.
Waiting at most 5 seconds for missing files.
Full Traceback (most recent call last):
  File "D:\conda\conda-envs\snakemake\Lib\site-packages\snakemake\dag.py", line 621, in check_and_touch_output
    await wait_for_files(
  File "D:\conda\conda-envs\snakemake\Lib\site-packages\snakemake\io.py", line 937, in wait_for_files
    raise IOError(
OSError: Missing files after 5 seconds. This might be due to filesystem latency. If that is the case, consider to increase the wait time with --latency-wait:
demo.txt

During handling of the above exception, another exception occurred:

Traceback (most recent call last):
  File "D:\conda\conda-envs\snakemake\Lib\site-packages\snakemake\scheduler.py", line 305, in postprocess
    await job.postprocess(
  File "D:\conda\conda-envs\snakemake\Lib\site-packages\snakemake\jobs.py", line 1046, in postprocess
    await self.dag.check_and_touch_output(
  File "D:\conda\conda-envs\snakemake\Lib\site-packages\snakemake\dag.py", line 628, in check_and_touch_output
    raise MissingOutputException(
snakemake.exceptions.MissingOutputException: Job 0 completed successfully, but some output files are missing. Missing files after 5 seconds. This might be due to filesystem latency. If that is the case, consider to increase the wait time with --latency-wait:
demo.txt

MissingOutputException in rule all in file F:\Lightsheet Workflows\lightsheet-brain-workflows\snakemake\Snakefile, line 29:
Job 0 completed successfully, but some output files are missing. Missing files after 5 seconds. This might be due to filesystem latency. If that is the case, consider to increase the wait time with --latency-wait:
demo.txt
Shutting down, this might take some time.
Exiting because a job execution failed. Look above for error message
Complete log: .snakemake\log\2024-05-01T174123.163635.snakemake.log
unlocking
removing lock
removing lock
removed all locks
Full Traceback (most recent call last):
  File "D:\conda\conda-envs\snakemake\Lib\site-packages\snakemake\cli.py", line 1963, in args_to_api
    dag_api.execute_workflow(
  File "D:\conda\conda-envs\snakemake\Lib\site-packages\snakemake\api.py", line 568, in execute_workflow
    workflow.execute(
  File "D:\conda\conda-envs\snakemake\Lib\site-packages\snakemake\workflow.py", line 1256, in execute
    raise WorkflowError("At least one job did not complete successfully.")
snakemake_interface_common.exceptions.WorkflowError: At least one job did not complete successfully.

WorkflowError:
At least one job did not complete successfully.
